Performing C SOURCE FILE Test CMAKE_HAVE_LIBC_PTHREAD failed with the following output:
Change Dir: /home/monica/yumi/src/yumi_demo/cmake-build-debug/CMakeFiles/CMakeTmp

Run Build Command(s):/usr/bin/make cmTC_8768f/fast && /usr/bin/make  -f CMakeFiles/cmTC_8768f.dir/build.make CMakeFiles/cmTC_8768f.dir/build
make[1]: Entering directory '/home/monica/yumi/src/yumi_demo/cmake-build-debug/CMakeFiles/CMakeTmp'
Building C object CMakeFiles/cmTC_8768f.dir/src.c.o
/usr/lib/ccache/cc   -DCMAKE_HAVE_LIBC_PTHREAD   -o CMakeFiles/cmTC_8768f.dir/src.c.o   -c /home/monica/yumi/src/yumi_demo/cmake-build-debug/CMakeFiles/CMakeTmp/src.c
Linking C executable cmTC_8768f
/opt/clion-2020.3.2/bin/cmake/linux/bin/cmake -E cmake_link_script CMakeFiles/cmTC_8768f.dir/link.txt --verbose=1
/usr/lib/ccache/cc  -DCMAKE_HAVE_LIBC_PTHREAD    -rdynamic CMakeFiles/cmTC_8768f.dir/src.c.o  -o cmTC_8768f 
CMakeFiles/cmTC_8768f.dir/src.c.o: In function `main':
src.c:(.text+0x3c): undefined reference to `pthread_create'
src.c:(.text+0x48): undefined reference to `pthread_detach'
src.c:(.text+0x54): undefined reference to `pthread_cancel'
src.c:(.text+0x65): undefined reference to `pthread_join'
src.c:(.text+0x79): undefined reference to `pthread_atfork'
collect2: error: ld returned 1 exit status
CMakeFiles/cmTC_8768f.dir/build.make:106: recipe for target 'cmTC_8768f' failed
make[1]: *** [cmTC_8768f] Error 1
make[1]: Leaving directory '/home/monica/yumi/src/yumi_demo/cmake-build-debug/CMakeFiles/CMakeTmp'
Makefile:141: recipe for target 'cmTC_8768f/fast' failed
make: *** [cmTC_8768f/fast] Error 2


Source file was:
#include <pthread.h>

void* test_func(void* data)
{
  return data;
}

int main(void)
{
  pthread_t thread;
  pthread_create(&thread, NULL, test_func, NULL);
  pthread_detach(thread);
  pthread_cancel(thread);
  pthread_join(thread, NULL);
  pthread_atfork(NULL, NULL, NULL);
  pthread_exit(NULL);

  return 0;
}

Determining if the function pthread_create exists in the pthreads failed with the following output:
Change Dir: /home/monica/yumi/src/yumi_demo/cmake-build-debug/CMakeFiles/CMakeTmp

Run Build Command(s):/usr/bin/make cmTC_0cf47/fast && /usr/bin/make  -f CMakeFiles/cmTC_0cf47.dir/build.make CMakeFiles/cmTC_0cf47.dir/build
make[1]: Entering directory '/home/monica/yumi/src/yumi_demo/cmake-build-debug/CMakeFiles/CMakeTmp'
Building C object CMakeFiles/cmTC_0cf47.dir/CheckFunctionExists.c.o
/usr/lib/ccache/cc   -DCHECK_FUNCTION_EXISTS=pthread_create   -o CMakeFiles/cmTC_0cf47.dir/CheckFunctionExists.c.o   -c /opt/clion-2020.3.2/bin/cmake/linux/share/cmake-3.17/Modules/CheckFunctionExists.c
Linking C executable cmTC_0cf47
/opt/clion-2020.3.2/bin/cmake/linux/bin/cmake -E cmake_link_script CMakeFiles/cmTC_0cf47.dir/link.txt --verbose=1
/usr/lib/ccache/cc  -DCHECK_FUNCTION_EXISTS=pthread_create    -rdynamic CMakeFiles/cmTC_0cf47.dir/CheckFunctionExists.c.o  -o cmTC_0cf47  -lpthreads 
/usr/bin/ld: cannot find -lpthreads
collect2: error: ld returned 1 exit status
CMakeFiles/cmTC_0cf47.dir/build.make:106: recipe for target 'cmTC_0cf47' failed
make[1]: *** [cmTC_0cf47] Error 1
make[1]: Leaving directory '/home/monica/yumi/src/yumi_demo/cmake-build-debug/CMakeFiles/CMakeTmp'
Makefile:141: recipe for target 'cmTC_0cf47/fast' failed
make: *** [cmTC_0cf47/fast] Error 2



